<?xml version="1.0" encoding="UTF-8"?>
<testsuite xmlns:xsi="http://www.w3.org/2001/XMLSchema-instance" xsi:noNamespaceSchemaLocation="https://maven.apache.org/surefire/maven-surefire-plugin/xsd/surefire-test-report-3.0.xsd" version="3.0" name="TestSuite" time="48.002" tests="20" errors="0" skipped="0" failures="0">
  <properties>
[...]
</properties>
  <testcase name="registrationPageTest" classname="com.newtours.tests.BookFlightTest" time="6.435">
    <system-err><![CDATA[Mar 04, 2022 4:44:25 PM org.openqa.selenium.remote.DesiredCapabilities chrome
INFO: Using `new ChromeOptions()` is preferred to `DesiredCapabilities.chrome()`
Mar 04, 2022 4:44:28 PM org.openqa.selenium.remote.ProtocolHandshake createSession
INFO: Detected dialect: W3C
]]></system-err>
  </testcase>
  <testcase name="registrationPageTest" classname="com.newtours.tests.BookFlightTest" time="7.912">
    <system-err><![CDATA[Mar 04, 2022 4:44:38 PM org.openqa.selenium.remote.DesiredCapabilities chrome
INFO: Using `new ChromeOptions()` is preferred to `DesiredCapabilities.chrome()`
Mar 04, 2022 4:44:40 PM org.openqa.selenium.remote.ProtocolHandshake createSession
INFO: Detected dialect: W3C
]]></system-err>
  </testcase>
  <testcase name="registrationPageTest" classname="com.newtours.tests.BookFlightTest" time="6.191">
    <system-err><![CDATA[Mar 04, 2022 4:44:51 PM org.openqa.selenium.remote.DesiredCapabilities chrome
INFO: Using `new ChromeOptions()` is preferred to `DesiredCapabilities.chrome()`
Mar 04, 2022 4:44:52 PM org.openqa.selenium.remote.ProtocolHandshake createSession
INFO: Detected dialect: W3C
]]></system-err>
  </testcase>
  <testcase name="registrationPageTest" classname="com.newtours.tests.BookFlightTest" time="5.502">
    <system-err><![CDATA[Mar 04, 2022 4:45:02 PM org.openqa.selenium.remote.DesiredCapabilities chrome
INFO: Using `new ChromeOptions()` is preferred to `DesiredCapabilities.chrome()`
Mar 04, 2022 4:45:03 PM org.openqa.selenium.remote.ProtocolHandshake createSession
INFO: Detected dialect: W3C
]]></system-err>
  </testcase>
  <testcase name="registrationConfirmationTest" classname="com.newtours.tests.BookFlightTest" time="0.127"/>
  <testcase name="registrationConfirmationTest" classname="com.newtours.tests.BookFlightTest" time="0.13"/>
  <testcase name="registrationConfirmationTest" classname="com.newtours.tests.BookFlightTest" time="0.121"/>
  <testcase name="registrationConfirmationTest" classname="com.newtours.tests.BookFlightTest" time="0.127"/>
  <testcase name="flightsDetailsTest" classname="com.newtours.tests.BookFlightTest" time="1.477"/>
  <testcase name="flightsDetailsTest" classname="com.newtours.tests.BookFlightTest" time="1.449"/>
  <testcase name="flightsDetailsTest" classname="com.newtours.tests.BookFlightTest" time="1.447"/>
  <testcase name="flightsDetailsTest" classname="com.newtours.tests.BookFlightTest" time="1.406"/>
  <testcase name="findFlightTest" classname="com.newtours.tests.BookFlightTest" time="0.314"/>
  <testcase name="findFlightTest" classname="com.newtours.tests.BookFlightTest" time="0.291"/>
  <testcase name="findFlightTest" classname="com.newtours.tests.BookFlightTest" time="0.284"/>
  <testcase name="findFlightTest" classname="com.newtours.tests.BookFlightTest" time="0.264"/>
  <testcase name="FlightConfermationTest" classname="com.newtours.tests.BookFlightTest" time="0.152"/>
  <testcase name="FlightConfermationTest" classname="com.newtours.tests.BookFlightTest" time="0.127"/>
  <testcase name="FlightConfermationTest" classname="com.newtours.tests.BookFlightTest" time="0.147"/>
  <testcase name="FlightConfermationTest" classname="com.newtours.tests.BookFlightTest" time="0.147"/>
</testsuite>