<?xml version="1.0" encoding="UTF-8"?>
<testng-results ignored="0" total="20" passed="20" failed="0" skipped="0">
  <reporter-output>
  </reporter-output>
  <suite started-at="2022-03-04T11:14:25Z" name="book-flight-module" finished-at="2022-03-04T11:15:12Z" duration-ms="46780">
    <groups>
    </groups>
    <test started-at="2022-03-04T11:14:25Z" name="book-flight-1" finished-at="2022-03-04T11:14:38Z" duration-ms="13072">
      <class name="com.newtours.tests.BookFlightTest">
        <test-method is-config="true" signature="setupDriver()[pri:0, instance:com.newtours.tests.BookFlightTest@7c9d8e2]" started-at="2022-03-04T11:14:25Z" name="setupDriver" finished-at="2022-03-04T11:14:28Z" duration-ms="3161" status="PASS">
          <reporter-output>
          </reporter-output>
        </test-method> <!-- setupDriver -->
        <test-method is-config="true" signature="setupPrameters(java.lang.String, java.lang.String)[pri:0, instance:com.newtours.tests.BookFlightTest@7c9d8e2]" started-at="2022-03-04T11:14:28Z" name="setupPrameters" finished-at="2022-03-04T11:14:28Z" depends-on-methods="com.newtours.tests.BaseTest.setupDriver" duration-ms="4" status="PASS">
          <params>
            <param index="0">
              <value>
                <![CDATA[2]]>
              </value>
            </param>
            <param index="1">
              <value>
                <![CDATA[$1169 USD]]>
              </value>
            </param>
          </params>
          <reporter-output>
          </reporter-output>
        </test-method> <!-- setupPrameters -->
        <test-method signature="registrationPageTest()[pri:0, instance:com.newtours.tests.BookFlightTest@7c9d8e2]" started-at="2022-03-04T11:14:28Z" name="registrationPageTest" finished-at="2022-03-04T11:14:34Z" duration-ms="6436" status="PASS">
          <reporter-output>
          </reporter-output>
        </test-method> <!-- registrationPageTest -->
        <test-method signature="registrationConfirmationTest()[pri:0, instance:com.newtours.tests.BookFlightTest@7c9d8e2]" started-at="2022-03-04T11:14:34Z" name="registrationConfirmationTest" finished-at="2022-03-04T11:14:35Z" depends-on-methods="com.newtours.tests.BookFlightTest.registrationPageTest" duration-ms="126" status="PASS">
          <reporter-output>
          </reporter-output>
        </test-method> <!-- registrationConfirmationTest -->
        <test-method signature="flightsDetailsTest()[pri:0, instance:com.newtours.tests.BookFlightTest@7c9d8e2]" started-at="2022-03-04T11:14:35Z" name="flightsDetailsTest" finished-at="2022-03-04T11:14:36Z" depends-on-methods="com.newtours.tests.BookFlightTest.registrationConfirmationTest" duration-ms="1476" status="PASS">
          <reporter-output>
          </reporter-output>
        </test-method> <!-- flightsDetailsTest -->
        <test-method signature="findFlightTest()[pri:0, instance:com.newtours.tests.BookFlightTest@7c9d8e2]" started-at="2022-03-04T11:14:36Z" name="findFlightTest" finished-at="2022-03-04T11:14:36Z" depends-on-methods="com.newtours.tests.BookFlightTest.flightsDetailsTest" duration-ms="313" status="PASS">
          <reporter-output>
          </reporter-output>
        </test-method> <!-- findFlightTest -->
        <test-method signature="FlightConfermationTest()[pri:0, instance:com.newtours.tests.BookFlightTest@7c9d8e2]" started-at="2022-03-04T11:14:36Z" name="FlightConfermationTest" finished-at="2022-03-04T11:14:36Z" depends-on-methods="com.newtours.tests.BookFlightTest.findFlightTest" duration-ms="152" status="PASS">
          <reporter-output>
          </reporter-output>
        </test-method> <!-- FlightConfermationTest -->
        <test-method is-config="true" signature="quitBrowser()[pri:0, instance:com.newtours.tests.BookFlightTest@7c9d8e2]" started-at="2022-03-04T11:14:36Z" name="quitBrowser" finished-at="2022-03-04T11:14:38Z" duration-ms="1388" status="PASS">
          <reporter-output>
          </reporter-output>
        </test-method> <!-- quitBrowser -->
      </class> <!-- com.newtours.tests.BookFlightTest -->
    </test> <!-- book-flight-1 -->
    <test started-at="2022-03-04T11:14:38Z" name="book-flight-2" finished-at="2022-03-04T11:14:51Z" duration-ms="12760">
      <class name="com.newtours.tests.BookFlightTest">
        <test-method is-config="true" signature="setupDriver()[pri:0, instance:com.newtours.tests.BookFlightTest@8c3b9d]" started-at="2022-03-04T11:14:38Z" name="setupDriver" finished-at="2022-03-04T11:14:40Z" duration-ms="1615" status="PASS">
          <reporter-output>
          </reporter-output>
        </test-method> <!-- setupDriver -->
        <test-method is-config="true" signature="setupPrameters(java.lang.String, java.lang.String)[pri:0, instance:com.newtours.tests.BookFlightTest@8c3b9d]" started-at="2022-03-04T11:14:40Z" name="setupPrameters" finished-at="2022-03-04T11:14:40Z" depends-on-methods="com.newtours.tests.BaseTest.setupDriver" duration-ms="1" status="PASS">
          <params>
            <param index="0">
              <value>
                <![CDATA[3]]>
              </value>
            </param>
            <param index="1">
              <value>
                <![CDATA[$1753 USD]]>
              </value>
            </param>
          </params>
          <reporter-output>
          </reporter-output>
        </test-method> <!-- setupPrameters -->
        <test-method signature="registrationPageTest()[pri:0, instance:com.newtours.tests.BookFlightTest@8c3b9d]" started-at="2022-03-04T11:14:40Z" name="registrationPageTest" finished-at="2022-03-04T11:14:47Z" duration-ms="7913" status="PASS">
          <reporter-output>
          </reporter-output>
        </test-method> <!-- registrationPageTest -->
        <test-method signature="registrationConfirmationTest()[pri:0, instance:com.newtours.tests.BookFlightTest@8c3b9d]" started-at="2022-03-04T11:14:47Z" name="registrationConfirmationTest" finished-at="2022-03-04T11:14:48Z" depends-on-methods="com.newtours.tests.BookFlightTest.registrationPageTest" duration-ms="129" status="PASS">
          <reporter-output>
          </reporter-output>
        </test-method> <!-- registrationConfirmationTest -->
        <test-method signature="flightsDetailsTest()[pri:0, instance:com.newtours.tests.BookFlightTest@8c3b9d]" started-at="2022-03-04T11:14:48Z" name="flightsDetailsTest" finished-at="2022-03-04T11:14:49Z" depends-on-methods="com.newtours.tests.BookFlightTest.registrationConfirmationTest" duration-ms="1449" status="PASS">
          <reporter-output>
          </reporter-output>
        </test-method> <!-- flightsDetailsTest -->
        <test-method signature="findFlightTest()[pri:0, instance:com.newtours.tests.BookFlightTest@8c3b9d]" started-at="2022-03-04T11:14:49Z" name="findFlightTest" finished-at="2022-03-04T11:14:49Z" depends-on-methods="com.newtours.tests.BookFlightTest.flightsDetailsTest" duration-ms="292" status="PASS">
          <reporter-output>
          </reporter-output>
        </test-method> <!-- findFlightTest -->
        <test-method signature="FlightConfermationTest()[pri:0, instance:com.newtours.tests.BookFlightTest@8c3b9d]" started-at="2022-03-04T11:14:49Z" name="FlightConfermationTest" finished-at="2022-03-04T11:14:49Z" depends-on-methods="com.newtours.tests.BookFlightTest.findFlightTest" duration-ms="128" status="PASS">
          <reporter-output>
          </reporter-output>
        </test-method> <!-- FlightConfermationTest -->
        <test-method is-config="true" signature="quitBrowser()[pri:0, instance:com.newtours.tests.BookFlightTest@8c3b9d]" started-at="2022-03-04T11:14:49Z" name="quitBrowser" finished-at="2022-03-04T11:14:51Z" duration-ms="1231" status="PASS">
          <reporter-output>
          </reporter-output>
        </test-method> <!-- quitBrowser -->
      </class> <!-- com.newtours.tests.BookFlightTest -->
    </test> <!-- book-flight-2 -->
    <test started-at="2022-03-04T11:14:51Z" name="book-flight-3" finished-at="2022-03-04T11:15:02Z" duration-ms="11087">
      <class name="com.newtours.tests.BookFlightTest">
        <test-method is-config="true" signature="setupDriver()[pri:0, instance:com.newtours.tests.BookFlightTest@2e377400]" started-at="2022-03-04T11:14:51Z" name="setupDriver" finished-at="2022-03-04T11:14:52Z" duration-ms="1643" status="PASS">
          <reporter-output>
          </reporter-output>
        </test-method> <!-- setupDriver -->
        <test-method is-config="true" signature="setupPrameters(java.lang.String, java.lang.String)[pri:0, instance:com.newtours.tests.BookFlightTest@2e377400]" started-at="2022-03-04T11:14:52Z" name="setupPrameters" finished-at="2022-03-04T11:14:52Z" depends-on-methods="com.newtours.tests.BaseTest.setupDriver" duration-ms="0" status="PASS">
          <params>
            <param index="0">
              <value>
                <![CDATA[4]]>
              </value>
            </param>
            <param index="1">
              <value>
                <![CDATA[$2338 USD]]>
              </value>
            </param>
          </params>
          <reporter-output>
          </reporter-output>
        </test-method> <!-- setupPrameters -->
        <test-method signature="registrationPageTest()[pri:0, instance:com.newtours.tests.BookFlightTest@2e377400]" started-at="2022-03-04T11:14:52Z" name="registrationPageTest" finished-at="2022-03-04T11:14:59Z" duration-ms="6193" status="PASS">
          <reporter-output>
          </reporter-output>
        </test-method> <!-- registrationPageTest -->
        <test-method signature="registrationConfirmationTest()[pri:0, instance:com.newtours.tests.BookFlightTest@2e377400]" started-at="2022-03-04T11:14:59Z" name="registrationConfirmationTest" finished-at="2022-03-04T11:14:59Z" depends-on-methods="com.newtours.tests.BookFlightTest.registrationPageTest" duration-ms="120" status="PASS">
          <reporter-output>
          </reporter-output>
        </test-method> <!-- registrationConfirmationTest -->
        <test-method signature="flightsDetailsTest()[pri:0, instance:com.newtours.tests.BookFlightTest@2e377400]" started-at="2022-03-04T11:14:59Z" name="flightsDetailsTest" finished-at="2022-03-04T11:15:00Z" depends-on-methods="com.newtours.tests.BookFlightTest.registrationConfirmationTest" duration-ms="1446" status="PASS">
          <reporter-output>
          </reporter-output>
        </test-method> <!-- flightsDetailsTest -->
        <test-method signature="findFlightTest()[pri:0, instance:com.newtours.tests.BookFlightTest@2e377400]" started-at="2022-03-04T11:15:00Z" name="findFlightTest" finished-at="2022-03-04T11:15:00Z" depends-on-methods="com.newtours.tests.BookFlightTest.flightsDetailsTest" duration-ms="283" status="PASS">
          <reporter-output>
          </reporter-output>
        </test-method> <!-- findFlightTest -->
        <test-method signature="FlightConfermationTest()[pri:0, instance:com.newtours.tests.BookFlightTest@2e377400]" started-at="2022-03-04T11:15:00Z" name="FlightConfermationTest" finished-at="2022-03-04T11:15:01Z" depends-on-methods="com.newtours.tests.BookFlightTest.findFlightTest" duration-ms="147" status="PASS">
          <reporter-output>
          </reporter-output>
        </test-method> <!-- FlightConfermationTest -->
        <test-method is-config="true" signature="quitBrowser()[pri:0, instance:com.newtours.tests.BookFlightTest@2e377400]" started-at="2022-03-04T11:15:01Z" name="quitBrowser" finished-at="2022-03-04T11:15:02Z" duration-ms="1251" status="PASS">
          <reporter-output>
          </reporter-output>
        </test-method> <!-- quitBrowser -->
      </class> <!-- com.newtours.tests.BookFlightTest -->
    </test> <!-- book-flight-3 -->
    <test started-at="2022-03-04T11:15:02Z" name="book-flight-4" finished-at="2022-03-04T11:15:12Z" duration-ms="9808">
      <class name="com.newtours.tests.BookFlightTest">
        <test-method is-config="true" signature="setupDriver()[pri:0, instance:com.newtours.tests.BookFlightTest@10aa41f2]" started-at="2022-03-04T11:15:02Z" name="setupDriver" finished-at="2022-03-04T11:15:03Z" duration-ms="1634" status="PASS">
          <reporter-output>
          </reporter-output>
        </test-method> <!-- setupDriver -->
        <test-method is-config="true" signature="setupPrameters(java.lang.String, java.lang.String)[pri:0, instance:com.newtours.tests.BookFlightTest@10aa41f2]" started-at="2022-03-04T11:15:03Z" name="setupPrameters" finished-at="2022-03-04T11:15:03Z" depends-on-methods="com.newtours.tests.BaseTest.setupDriver" duration-ms="0" status="PASS">
          <params>
            <param index="0">
              <value>
                <![CDATA[4]]>
              </value>
            </param>
            <param index="1">
              <value>
                <![CDATA[$2338 USD]]>
              </value>
            </param>
          </params>
          <reporter-output>
          </reporter-output>
        </test-method> <!-- setupPrameters -->
        <test-method signature="registrationPageTest()[pri:0, instance:com.newtours.tests.BookFlightTest@10aa41f2]" started-at="2022-03-04T11:15:03Z" name="registrationPageTest" finished-at="2022-03-04T11:15:09Z" duration-ms="5502" status="PASS">
          <reporter-output>
          </reporter-output>
        </test-method> <!-- registrationPageTest -->
        <test-method signature="registrationConfirmationTest()[pri:0, instance:com.newtours.tests.BookFlightTest@10aa41f2]" started-at="2022-03-04T11:15:09Z" name="registrationConfirmationTest" finished-at="2022-03-04T11:15:09Z" depends-on-methods="com.newtours.tests.BookFlightTest.registrationPageTest" duration-ms="127" status="PASS">
          <reporter-output>
          </reporter-output>
        </test-method> <!-- registrationConfirmationTest -->
        <test-method signature="flightsDetailsTest()[pri:0, instance:com.newtours.tests.BookFlightTest@10aa41f2]" started-at="2022-03-04T11:15:09Z" name="flightsDetailsTest" finished-at="2022-03-04T11:15:10Z" depends-on-methods="com.newtours.tests.BookFlightTest.registrationConfirmationTest" duration-ms="1407" status="PASS">
          <reporter-output>
          </reporter-output>
        </test-method> <!-- flightsDetailsTest -->
        <test-method signature="findFlightTest()[pri:0, instance:com.newtours.tests.BookFlightTest@10aa41f2]" started-at="2022-03-04T11:15:10Z" name="findFlightTest" finished-at="2022-03-04T11:15:11Z" depends-on-methods="com.newtours.tests.BookFlightTest.flightsDetailsTest" duration-ms="265" status="PASS">
          <reporter-output>
          </reporter-output>
        </test-method> <!-- findFlightTest -->
        <test-method signature="FlightConfermationTest()[pri:0, instance:com.newtours.tests.BookFlightTest@10aa41f2]" started-at="2022-03-04T11:15:11Z" name="FlightConfermationTest" finished-at="2022-03-04T11:15:11Z" depends-on-methods="com.newtours.tests.BookFlightTest.findFlightTest" duration-ms="147" status="PASS">
          <reporter-output>
          </reporter-output>
        </test-method> <!-- FlightConfermationTest -->
        <test-method is-config="true" signature="quitBrowser()[pri:0, instance:com.newtours.tests.BookFlightTest@10aa41f2]" started-at="2022-03-04T11:15:11Z" name="quitBrowser" finished-at="2022-03-04T11:15:12Z" duration-ms="725" status="PASS">
          <reporter-output>
          </reporter-output>
        </test-method> <!-- quitBrowser -->
      </class> <!-- com.newtours.tests.BookFlightTest -->
    </test> <!-- book-flight-4 -->
  </suite> <!-- book-flight-module -->
</testng-results>
