<?xml version="1.0" encoding="UTF-8"?>
<!-- Generated by org.testng.reporters.JUnitXMLReporter -->
<testsuite ignored="0" hostname="QT-INNO-LT1448" failures="1" tests="5" name="book-flight-2a" time="8.132" errors="0" timestamp="28 Feb 2022 11:06:53 GMT">
  <testcase classname="com.newtours.tests.BookFlightTest" name="registrationPageTest" time="5.408"/>
  <testcase classname="com.newtours.tests.BookFlightTest" name="registrationConfirmationTest" time="0.094"/>
  <testcase classname="com.newtours.tests.BookFlightTest" name="flightsDetailsTest" time="1.174">
    <failure type="java.lang.NullPointerException" message="Cannot invoke &amp;quot;String.contains(java.lang.CharSequence)&amp;quot; because &amp;quot;toEscape&amp;quot; is null">
      <![CDATA[java.lang.NullPointerException: Cannot invoke "String.contains(java.lang.CharSequence)" because "toEscape" is null
at org.openqa.selenium.support.ui.Quotes.escape(Quotes.java:42)
at org.openqa.selenium.support.ui.Select.selectByValue(Select.java:197)
at com.newTours.pages.FlightsDetailsPage.selectPassengers(FlightsDetailsPage.java:32)
at com.newtours.tests.BookFlightTest.flightsDetailsTest(BookFlightTest.java:55)
... Removed 25 stack frames]]>
    </failure>
  </testcase> <!-- flightsDetailsTest -->
  <testcase classname="com.newtours.tests.BookFlightTest" name="findFlightTest" time="0.0">
    <skipped/>
  </testcase> <!-- findFlightTest -->
  <testcase classname="com.newtours.tests.BookFlightTest" name="FlightConfermationTest" time="0.0">
    <skipped/>
  </testcase> <!-- FlightConfermationTest -->
</testsuite> <!-- book-flight-2a -->
