<?xml version="1.0" encoding="UTF-8"?>
<!-- Generated by org.testng.reporters.JUnitXMLReporter -->
<testsuite ignored="0" hostname="QT-INNO-LT1448" failures="0" tests="5" name="book-flight-1" time="13.072" errors="0" timestamp="04 Mar 2022 11:14:38 GMT">
  <testcase classname="com.newtours.tests.BookFlightTest" name="registrationPageTest" time="6.436"/>
  <testcase classname="com.newtours.tests.BookFlightTest" name="registrationConfirmationTest" time="0.126"/>
  <testcase classname="com.newtours.tests.BookFlightTest" name="flightsDetailsTest" time="1.476"/>
  <testcase classname="com.newtours.tests.BookFlightTest" name="findFlightTest" time="0.313"/>
  <testcase classname="com.newtours.tests.BookFlightTest" name="FlightConfermationTest" time="0.152"/>
</testsuite> <!-- book-flight-1 -->
