<?xml version="1.0" encoding="UTF-8"?>
<!-- Generated by org.testng.reporters.JUnitXMLReporter -->
<testsuite ignored="0" hostname="QT-INNO-LT1448" failures="0" tests="5" name="book-flight-3" time="11.087" errors="0" timestamp="04 Mar 2022 11:15:02 GMT">
  <testcase classname="com.newtours.tests.BookFlightTest" name="registrationPageTest" time="6.193"/>
  <testcase classname="com.newtours.tests.BookFlightTest" name="registrationConfirmationTest" time="0.12"/>
  <testcase classname="com.newtours.tests.BookFlightTest" name="flightsDetailsTest" time="1.446"/>
  <testcase classname="com.newtours.tests.BookFlightTest" name="findFlightTest" time="0.283"/>
  <testcase classname="com.newtours.tests.BookFlightTest" name="FlightConfermationTest" time="0.147"/>
</testsuite> <!-- book-flight-3 -->
