<?xml version="1.0" encoding="UTF-8"?>
<!-- Generated by org.testng.reporters.JUnitXMLReporter -->
<testsuite ignored="0" hostname="QT-INNO-LT1448" failures="0" tests="5" name="book-flight-4" time="9.808" errors="0" timestamp="04 Mar 2022 11:15:12 GMT">
  <testcase classname="com.newtours.tests.BookFlightTest" name="registrationPageTest" time="5.502"/>
  <testcase classname="com.newtours.tests.BookFlightTest" name="registrationConfirmationTest" time="0.127"/>
  <testcase classname="com.newtours.tests.BookFlightTest" name="flightsDetailsTest" time="1.407"/>
  <testcase classname="com.newtours.tests.BookFlightTest" name="findFlightTest" time="0.265"/>
  <testcase classname="com.newtours.tests.BookFlightTest" name="FlightConfermationTest" time="0.147"/>
</testsuite> <!-- book-flight-4 -->
